<?xml version="1.0" encoding="UTF-8"?>
<!-- Generated by org.testng.reporters.JUnitXMLReporter -->
<testsuite ignored="1" hostname="GP-PC-001" failures="4" tests="4" name="Test" time="6.999" errors="0" timestamp="2024-04-06T23:54:43 CDT">
  <testcase classname="test.LoginTest" name="validUserShouldBeAbleToLogin" time="2.634">
    <failure type="org.openqa.selenium.SessionNotCreatedException" message="session not created: This version of ChromeDriver only supports Chrome version 120
Current browser version is 123.0.6312.106 with binary path C:\Program Files (x86)\Google\Chrome\Application\chrome.exe
Build info: version: &amp;apos;3.141.59&amp;apos;, revision: &amp;apos;e82be7d358&amp;apos;, time: &amp;apos;2018-11-14T08:17:03&amp;apos;
System info: host: &amp;apos;GP-PC-001&amp;apos;, ip: &amp;apos;10.2.1.249&amp;apos;, os.name: &amp;apos;Windows 10&amp;apos;, os.arch: &amp;apos;amd64&amp;apos;, os.version: &amp;apos;10.0&amp;apos;, java.version: &amp;apos;11.0.18&amp;apos;
Driver info: driver.version: ChromeDriver
remote stacktrace: 	GetHandleVerifier [0x00007FF798CD4D02+56194]
	(No symbol) [0x00007FF798C404B2]
	(No symbol) [0x00007FF798AE76AA]
	(No symbol) [0x00007FF798B21652]
	(No symbol) [0x00007FF798B2094D]
	(No symbol) [0x00007FF798B1B84F]
	(No symbol) [0x00007FF798B17DC2]
	(No symbol) [0x00007FF798B60954]
	(No symbol) [0x00007FF798B55C23]
	(No symbol) [0x00007FF798B24A45]
	(No symbol) [0x00007FF798B25AD4]
	GetHandleVerifier [0x00007FF79904D5BB+3695675]
	GetHandleVerifier [0x00007FF7990A6197+4059159]
	GetHandleVerifier [0x00007FF79909DF63+4025827]
	GetHandleVerifier [0x00007FF798D6F029+687785]
	(No symbol) [0x00007FF798C4B508]
	(No symbol) [0x00007FF798C47564]
	(No symbol) [0x00007FF798C476E9]
	(No symbol) [0x00007FF798C38094]
	BaseThreadInitThunk [0x00007FFD8C207034+20]
	RtlUserThreadStart [0x00007FFD8CB62651+33]
">
      <![CDATA[org.openqa.selenium.SessionNotCreatedException: session not created: This version of ChromeDriver only supports Chrome version 120
Current browser version is 123.0.6312.106 with binary path C:\Program Files (x86)\Google\Chrome\Application\chrome.exe
Build info: version: '3.141.59', revision: 'e82be7d358', time: '2018-11-14T08:17:03'
System info: host: 'GP-PC-001', ip: '10.2.1.249', os.name: 'Windows 10', os.arch: 'amd64', os.version: '10.0', java.version: '11.0.18'
Driver info: driver.version: ChromeDriver
remote stacktrace: GetHandleVerifier [0x00007FF798CD4D02+56194]
(No symbol) [0x00007FF798C404B2]
(No symbol) [0x00007FF798AE76AA]
(No symbol) [0x00007FF798B21652]
(No symbol) [0x00007FF798B2094D]
(No symbol) [0x00007FF798B1B84F]
(No symbol) [0x00007FF798B17DC2]
(No symbol) [0x00007FF798B60954]
(No symbol) [0x00007FF798B55C23]
(No symbol) [0x00007FF798B24A45]
(No symbol) [0x00007FF798B25AD4]
GetHandleVerifier [0x00007FF79904D5BB+3695675]
GetHandleVerifier [0x00007FF7990A6197+4059159]
GetHandleVerifier [0x00007FF79909DF63+4025827]
GetHandleVerifier [0x00007FF798D6F029+687785]
(No symbol) [0x00007FF798C4B508]
(No symbol) [0x00007FF798C47564]
(No symbol) [0x00007FF798C476E9]
(No symbol) [0x00007FF798C38094]
BaseThreadInitThunk [0x00007FFD8C207034+20]
RtlUserThreadStart [0x00007FFD8CB62651+33]

at org.openqa.selenium.remote.W3CHandshakeResponse.lambda$errorHandler$0(W3CHandshakeResponse.java:62)
at org.openqa.selenium.remote.HandshakeResponse.lambda$getResponseFunction$0(HandshakeResponse.java:30)
at org.openqa.selenium.remote.ProtocolHandshake.lambda$createSession$0(ProtocolHandshake.java:126)
at java.base/java.util.stream.ReferencePipeline$3$1.accept(ReferencePipeline.java:195)
at java.base/java.util.Spliterators$ArraySpliterator.tryAdvance(Spliterators.java:958)
at java.base/java.util.stream.ReferencePipeline.forEachWithCancel(ReferencePipeline.java:127)
at java.base/java.util.stream.AbstractPipeline.copyIntoWithCancel(AbstractPipeline.java:502)
at java.base/java.util.stream.AbstractPipeline.copyInto(AbstractPipeline.java:488)
at java.base/java.util.stream.AbstractPipeline.wrapAndCopyInto(AbstractPipeline.java:474)
at java.base/java.util.stream.FindOps$FindOp.evaluateSequential(FindOps.java:150)
at java.base/java.util.stream.AbstractPipeline.evaluate(AbstractPipeline.java:234)
at java.base/java.util.stream.ReferencePipeline.findFirst(ReferencePipeline.java:543)
at org.openqa.selenium.remote.ProtocolHandshake.createSession(ProtocolHandshake.java:128)
at org.openqa.selenium.remote.ProtocolHandshake.createSession(ProtocolHandshake.java:74)
at org.openqa.selenium.remote.HttpCommandExecutor.execute(HttpCommandExecutor.java:136)
at org.openqa.selenium.remote.service.DriverCommandExecutor.execute(DriverCommandExecutor.java:83)
at org.openqa.selenium.remote.RemoteWebDriver.execute(RemoteWebDriver.java:552)
at org.openqa.selenium.remote.RemoteWebDriver.startSession(RemoteWebDriver.java:213)
at org.openqa.selenium.remote.RemoteWebDriver.<init>(RemoteWebDriver.java:131)
at org.openqa.selenium.chrome.ChromeDriver.<init>(ChromeDriver.java:181)
at org.openqa.selenium.chrome.ChromeDriver.<init>(ChromeDriver.java:168)
at org.openqa.selenium.chrome.ChromeDriver.<init>(ChromeDriver.java:123)
at util.BrowserFactory.init(BrowserFactory.java:38)
at test.LoginTest.validUserShouldBeAbleToLogin(LoginTest.java:47)
at java.base/java.util.ArrayList.forEach(ArrayList.java:1541)
... Removed 31 stack frames]]>
    </failure>
  </testcase> <!-- validUserShouldBeAbleToLogin -->
  <testcase classname="test.LoginTest" name="validateLoginPageErrorMsgs" time="1.182">
    <failure type="org.openqa.selenium.SessionNotCreatedException" message="session not created: This version of ChromeDriver only supports Chrome version 120
Current browser version is 123.0.6312.106 with binary path C:\Program Files (x86)\Google\Chrome\Application\chrome.exe
Build info: version: &amp;apos;3.141.59&amp;apos;, revision: &amp;apos;e82be7d358&amp;apos;, time: &amp;apos;2018-11-14T08:17:03&amp;apos;
System info: host: &amp;apos;GP-PC-001&amp;apos;, ip: &amp;apos;10.2.1.249&amp;apos;, os.name: &amp;apos;Windows 10&amp;apos;, os.arch: &amp;apos;amd64&amp;apos;, os.version: &amp;apos;10.0&amp;apos;, java.version: &amp;apos;11.0.18&amp;apos;
Driver info: driver.version: ChromeDriver
remote stacktrace: 	GetHandleVerifier [0x00007FF798CD4D02+56194]
	(No symbol) [0x00007FF798C404B2]
	(No symbol) [0x00007FF798AE76AA]
	(No symbol) [0x00007FF798B21652]
	(No symbol) [0x00007FF798B2094D]
	(No symbol) [0x00007FF798B1B84F]
	(No symbol) [0x00007FF798B17DC2]
	(No symbol) [0x00007FF798B60954]
	(No symbol) [0x00007FF798B55C23]
	(No symbol) [0x00007FF798B24A45]
	(No symbol) [0x00007FF798B25AD4]
	GetHandleVerifier [0x00007FF79904D5BB+3695675]
	GetHandleVerifier [0x00007FF7990A6197+4059159]
	GetHandleVerifier [0x00007FF79909DF63+4025827]
	GetHandleVerifier [0x00007FF798D6F029+687785]
	(No symbol) [0x00007FF798C4B508]
	(No symbol) [0x00007FF798C47564]
	(No symbol) [0x00007FF798C476E9]
	(No symbol) [0x00007FF798C38094]
	BaseThreadInitThunk [0x00007FFD8C207034+20]
	RtlUserThreadStart [0x00007FFD8CB62651+33]
">
      <![CDATA[org.openqa.selenium.SessionNotCreatedException: session not created: This version of ChromeDriver only supports Chrome version 120
Current browser version is 123.0.6312.106 with binary path C:\Program Files (x86)\Google\Chrome\Application\chrome.exe
Build info: version: '3.141.59', revision: 'e82be7d358', time: '2018-11-14T08:17:03'
System info: host: 'GP-PC-001', ip: '10.2.1.249', os.name: 'Windows 10', os.arch: 'amd64', os.version: '10.0', java.version: '11.0.18'
Driver info: driver.version: ChromeDriver
remote stacktrace: GetHandleVerifier [0x00007FF798CD4D02+56194]
(No symbol) [0x00007FF798C404B2]
(No symbol) [0x00007FF798AE76AA]
(No symbol) [0x00007FF798B21652]
(No symbol) [0x00007FF798B2094D]
(No symbol) [0x00007FF798B1B84F]
(No symbol) [0x00007FF798B17DC2]
(No symbol) [0x00007FF798B60954]
(No symbol) [0x00007FF798B55C23]
(No symbol) [0x00007FF798B24A45]
(No symbol) [0x00007FF798B25AD4]
GetHandleVerifier [0x00007FF79904D5BB+3695675]
GetHandleVerifier [0x00007FF7990A6197+4059159]
GetHandleVerifier [0x00007FF79909DF63+4025827]
GetHandleVerifier [0x00007FF798D6F029+687785]
(No symbol) [0x00007FF798C4B508]
(No symbol) [0x00007FF798C47564]
(No symbol) [0x00007FF798C476E9]
(No symbol) [0x00007FF798C38094]
BaseThreadInitThunk [0x00007FFD8C207034+20]
RtlUserThreadStart [0x00007FFD8CB62651+33]

at org.openqa.selenium.remote.W3CHandshakeResponse.lambda$errorHandler$0(W3CHandshakeResponse.java:62)
at org.openqa.selenium.remote.HandshakeResponse.lambda$getResponseFunction$0(HandshakeResponse.java:30)
at org.openqa.selenium.remote.ProtocolHandshake.lambda$createSession$0(ProtocolHandshake.java:126)
at java.base/java.util.stream.ReferencePipeline$3$1.accept(ReferencePipeline.java:195)
at java.base/java.util.Spliterators$ArraySpliterator.tryAdvance(Spliterators.java:958)
at java.base/java.util.stream.ReferencePipeline.forEachWithCancel(ReferencePipeline.java:127)
at java.base/java.util.stream.AbstractPipeline.copyIntoWithCancel(AbstractPipeline.java:502)
at java.base/java.util.stream.AbstractPipeline.copyInto(AbstractPipeline.java:488)
at java.base/java.util.stream.AbstractPipeline.wrapAndCopyInto(AbstractPipeline.java:474)
at java.base/java.util.stream.FindOps$FindOp.evaluateSequential(FindOps.java:150)
at java.base/java.util.stream.AbstractPipeline.evaluate(AbstractPipeline.java:234)
at java.base/java.util.stream.ReferencePipeline.findFirst(ReferencePipeline.java:543)
at org.openqa.selenium.remote.ProtocolHandshake.createSession(ProtocolHandshake.java:128)
at org.openqa.selenium.remote.ProtocolHandshake.createSession(ProtocolHandshake.java:74)
at org.openqa.selenium.remote.HttpCommandExecutor.execute(HttpCommandExecutor.java:136)
at org.openqa.selenium.remote.service.DriverCommandExecutor.execute(DriverCommandExecutor.java:83)
at org.openqa.selenium.remote.RemoteWebDriver.execute(RemoteWebDriver.java:552)
at org.openqa.selenium.remote.RemoteWebDriver.startSession(RemoteWebDriver.java:213)
at org.openqa.selenium.remote.RemoteWebDriver.<init>(RemoteWebDriver.java:131)
at org.openqa.selenium.chrome.ChromeDriver.<init>(ChromeDriver.java:181)
at org.openqa.selenium.chrome.ChromeDriver.<init>(ChromeDriver.java:168)
at org.openqa.selenium.chrome.ChromeDriver.<init>(ChromeDriver.java:123)
at util.BrowserFactory.init(BrowserFactory.java:38)
at test.LoginTest.validateLoginPageErrorMsgs(LoginTest.java:60)
at java.base/java.util.ArrayList.forEach(ArrayList.java:1541)
... Removed 31 stack frames]]>
    </failure>
  </testcase> <!-- validateLoginPageErrorMsgs -->
  <testcase classname="test.NewCustomerTest" name="userShouldBeAbleToAddNewCustomer" time="1.631">
    <failure type="org.openqa.selenium.SessionNotCreatedException" message="session not created: This version of ChromeDriver only supports Chrome version 120
Current browser version is 123.0.6312.106 with binary path C:\Program Files (x86)\Google\Chrome\Application\chrome.exe
Build info: version: &amp;apos;3.141.59&amp;apos;, revision: &amp;apos;e82be7d358&amp;apos;, time: &amp;apos;2018-11-14T08:17:03&amp;apos;
System info: host: &amp;apos;GP-PC-001&amp;apos;, ip: &amp;apos;10.2.1.249&amp;apos;, os.name: &amp;apos;Windows 10&amp;apos;, os.arch: &amp;apos;amd64&amp;apos;, os.version: &amp;apos;10.0&amp;apos;, java.version: &amp;apos;11.0.18&amp;apos;
Driver info: driver.version: ChromeDriver
remote stacktrace: 	GetHandleVerifier [0x00007FF798CD4D02+56194]
	(No symbol) [0x00007FF798C404B2]
	(No symbol) [0x00007FF798AE76AA]
	(No symbol) [0x00007FF798B21652]
	(No symbol) [0x00007FF798B2094D]
	(No symbol) [0x00007FF798B1B84F]
	(No symbol) [0x00007FF798B17DC2]
	(No symbol) [0x00007FF798B60954]
	(No symbol) [0x00007FF798B55C23]
	(No symbol) [0x00007FF798B24A45]
	(No symbol) [0x00007FF798B25AD4]
	GetHandleVerifier [0x00007FF79904D5BB+3695675]
	GetHandleVerifier [0x00007FF7990A6197+4059159]
	GetHandleVerifier [0x00007FF79909DF63+4025827]
	GetHandleVerifier [0x00007FF798D6F029+687785]
	(No symbol) [0x00007FF798C4B508]
	(No symbol) [0x00007FF798C47564]
	(No symbol) [0x00007FF798C476E9]
	(No symbol) [0x00007FF798C38094]
	BaseThreadInitThunk [0x00007FFD8C207034+20]
	RtlUserThreadStart [0x00007FFD8CB62651+33]
">
      <![CDATA[org.openqa.selenium.SessionNotCreatedException: session not created: This version of ChromeDriver only supports Chrome version 120
Current browser version is 123.0.6312.106 with binary path C:\Program Files (x86)\Google\Chrome\Application\chrome.exe
Build info: version: '3.141.59', revision: 'e82be7d358', time: '2018-11-14T08:17:03'
System info: host: 'GP-PC-001', ip: '10.2.1.249', os.name: 'Windows 10', os.arch: 'amd64', os.version: '10.0', java.version: '11.0.18'
Driver info: driver.version: ChromeDriver
remote stacktrace: GetHandleVerifier [0x00007FF798CD4D02+56194]
(No symbol) [0x00007FF798C404B2]
(No symbol) [0x00007FF798AE76AA]
(No symbol) [0x00007FF798B21652]
(No symbol) [0x00007FF798B2094D]
(No symbol) [0x00007FF798B1B84F]
(No symbol) [0x00007FF798B17DC2]
(No symbol) [0x00007FF798B60954]
(No symbol) [0x00007FF798B55C23]
(No symbol) [0x00007FF798B24A45]
(No symbol) [0x00007FF798B25AD4]
GetHandleVerifier [0x00007FF79904D5BB+3695675]
GetHandleVerifier [0x00007FF7990A6197+4059159]
GetHandleVerifier [0x00007FF79909DF63+4025827]
GetHandleVerifier [0x00007FF798D6F029+687785]
(No symbol) [0x00007FF798C4B508]
(No symbol) [0x00007FF798C47564]
(No symbol) [0x00007FF798C476E9]
(No symbol) [0x00007FF798C38094]
BaseThreadInitThunk [0x00007FFD8C207034+20]
RtlUserThreadStart [0x00007FFD8CB62651+33]

at org.openqa.selenium.remote.W3CHandshakeResponse.lambda$errorHandler$0(W3CHandshakeResponse.java:62)
at org.openqa.selenium.remote.HandshakeResponse.lambda$getResponseFunction$0(HandshakeResponse.java:30)
at org.openqa.selenium.remote.ProtocolHandshake.lambda$createSession$0(ProtocolHandshake.java:126)
at java.base/java.util.stream.ReferencePipeline$3$1.accept(ReferencePipeline.java:195)
at java.base/java.util.Spliterators$ArraySpliterator.tryAdvance(Spliterators.java:958)
at java.base/java.util.stream.ReferencePipeline.forEachWithCancel(ReferencePipeline.java:127)
at java.base/java.util.stream.AbstractPipeline.copyIntoWithCancel(AbstractPipeline.java:502)
at java.base/java.util.stream.AbstractPipeline.copyInto(AbstractPipeline.java:488)
at java.base/java.util.stream.AbstractPipeline.wrapAndCopyInto(AbstractPipeline.java:474)
at java.base/java.util.stream.FindOps$FindOp.evaluateSequential(FindOps.java:150)
at java.base/java.util.stream.AbstractPipeline.evaluate(AbstractPipeline.java:234)
at java.base/java.util.stream.ReferencePipeline.findFirst(ReferencePipeline.java:543)
at org.openqa.selenium.remote.ProtocolHandshake.createSession(ProtocolHandshake.java:128)
at org.openqa.selenium.remote.ProtocolHandshake.createSession(ProtocolHandshake.java:74)
at org.openqa.selenium.remote.HttpCommandExecutor.execute(HttpCommandExecutor.java:136)
at org.openqa.selenium.remote.service.DriverCommandExecutor.execute(DriverCommandExecutor.java:83)
at org.openqa.selenium.remote.RemoteWebDriver.execute(RemoteWebDriver.java:552)
at org.openqa.selenium.remote.RemoteWebDriver.startSession(RemoteWebDriver.java:213)
at org.openqa.selenium.remote.RemoteWebDriver.<init>(RemoteWebDriver.java:131)
at org.openqa.selenium.chrome.ChromeDriver.<init>(ChromeDriver.java:181)
at org.openqa.selenium.chrome.ChromeDriver.<init>(ChromeDriver.java:168)
at org.openqa.selenium.chrome.ChromeDriver.<init>(ChromeDriver.java:123)
at util.BrowserFactory.init(BrowserFactory.java:38)
at test.NewCustomerTest.userShouldBeAbleToAddNewCustomer(NewCustomerTest.java:50)
at java.base/java.util.ArrayList.forEach(ArrayList.java:1541)
... Removed 31 stack frames]]>
    </failure>
  </testcase> <!-- userShouldBeAbleToAddNewCustomer -->
  <testcase classname="test.ListCustomerTest" name="userShouldBeAbleToEditCustomer" time="1.331">
    <failure type="org.openqa.selenium.SessionNotCreatedException" message="session not created: This version of ChromeDriver only supports Chrome version 120
Current browser version is 123.0.6312.106 with binary path C:\Program Files (x86)\Google\Chrome\Application\chrome.exe
Build info: version: &amp;apos;3.141.59&amp;apos;, revision: &amp;apos;e82be7d358&amp;apos;, time: &amp;apos;2018-11-14T08:17:03&amp;apos;
System info: host: &amp;apos;GP-PC-001&amp;apos;, ip: &amp;apos;10.2.1.249&amp;apos;, os.name: &amp;apos;Windows 10&amp;apos;, os.arch: &amp;apos;amd64&amp;apos;, os.version: &amp;apos;10.0&amp;apos;, java.version: &amp;apos;11.0.18&amp;apos;
Driver info: driver.version: ChromeDriver
remote stacktrace: 	GetHandleVerifier [0x00007FF798CD4D02+56194]
	(No symbol) [0x00007FF798C404B2]
	(No symbol) [0x00007FF798AE76AA]
	(No symbol) [0x00007FF798B21652]
	(No symbol) [0x00007FF798B2094D]
	(No symbol) [0x00007FF798B1B84F]
	(No symbol) [0x00007FF798B17DC2]
	(No symbol) [0x00007FF798B60954]
	(No symbol) [0x00007FF798B55C23]
	(No symbol) [0x00007FF798B24A45]
	(No symbol) [0x00007FF798B25AD4]
	GetHandleVerifier [0x00007FF79904D5BB+3695675]
	GetHandleVerifier [0x00007FF7990A6197+4059159]
	GetHandleVerifier [0x00007FF79909DF63+4025827]
	GetHandleVerifier [0x00007FF798D6F029+687785]
	(No symbol) [0x00007FF798C4B508]
	(No symbol) [0x00007FF798C47564]
	(No symbol) [0x00007FF798C476E9]
	(No symbol) [0x00007FF798C38094]
	BaseThreadInitThunk [0x00007FFD8C207034+20]
	RtlUserThreadStart [0x00007FFD8CB62651+33]
">
      <![CDATA[org.openqa.selenium.SessionNotCreatedException: session not created: This version of ChromeDriver only supports Chrome version 120
Current browser version is 123.0.6312.106 with binary path C:\Program Files (x86)\Google\Chrome\Application\chrome.exe
Build info: version: '3.141.59', revision: 'e82be7d358', time: '2018-11-14T08:17:03'
System info: host: 'GP-PC-001', ip: '10.2.1.249', os.name: 'Windows 10', os.arch: 'amd64', os.version: '10.0', java.version: '11.0.18'
Driver info: driver.version: ChromeDriver
remote stacktrace: GetHandleVerifier [0x00007FF798CD4D02+56194]
(No symbol) [0x00007FF798C404B2]
(No symbol) [0x00007FF798AE76AA]
(No symbol) [0x00007FF798B21652]
(No symbol) [0x00007FF798B2094D]
(No symbol) [0x00007FF798B1B84F]
(No symbol) [0x00007FF798B17DC2]
(No symbol) [0x00007FF798B60954]
(No symbol) [0x00007FF798B55C23]
(No symbol) [0x00007FF798B24A45]
(No symbol) [0x00007FF798B25AD4]
GetHandleVerifier [0x00007FF79904D5BB+3695675]
GetHandleVerifier [0x00007FF7990A6197+4059159]
GetHandleVerifier [0x00007FF79909DF63+4025827]
GetHandleVerifier [0x00007FF798D6F029+687785]
(No symbol) [0x00007FF798C4B508]
(No symbol) [0x00007FF798C47564]
(No symbol) [0x00007FF798C476E9]
(No symbol) [0x00007FF798C38094]
BaseThreadInitThunk [0x00007FFD8C207034+20]
RtlUserThreadStart [0x00007FFD8CB62651+33]

at org.openqa.selenium.remote.W3CHandshakeResponse.lambda$errorHandler$0(W3CHandshakeResponse.java:62)
at org.openqa.selenium.remote.HandshakeResponse.lambda$getResponseFunction$0(HandshakeResponse.java:30)
at org.openqa.selenium.remote.ProtocolHandshake.lambda$createSession$0(ProtocolHandshake.java:126)
at java.base/java.util.stream.ReferencePipeline$3$1.accept(ReferencePipeline.java:195)
at java.base/java.util.Spliterators$ArraySpliterator.tryAdvance(Spliterators.java:958)
at java.base/java.util.stream.ReferencePipeline.forEachWithCancel(ReferencePipeline.java:127)
at java.base/java.util.stream.AbstractPipeline.copyIntoWithCancel(AbstractPipeline.java:502)
at java.base/java.util.stream.AbstractPipeline.copyInto(AbstractPipeline.java:488)
at java.base/java.util.stream.AbstractPipeline.wrapAndCopyInto(AbstractPipeline.java:474)
at java.base/java.util.stream.FindOps$FindOp.evaluateSequential(FindOps.java:150)
at java.base/java.util.stream.AbstractPipeline.evaluate(AbstractPipeline.java:234)
at java.base/java.util.stream.ReferencePipeline.findFirst(ReferencePipeline.java:543)
at org.openqa.selenium.remote.ProtocolHandshake.createSession(ProtocolHandshake.java:128)
at org.openqa.selenium.remote.ProtocolHandshake.createSession(ProtocolHandshake.java:74)
at org.openqa.selenium.remote.HttpCommandExecutor.execute(HttpCommandExecutor.java:136)
at org.openqa.selenium.remote.service.DriverCommandExecutor.execute(DriverCommandExecutor.java:83)
at org.openqa.selenium.remote.RemoteWebDriver.execute(RemoteWebDriver.java:552)
at org.openqa.selenium.remote.RemoteWebDriver.startSession(RemoteWebDriver.java:213)
at org.openqa.selenium.remote.RemoteWebDriver.<init>(RemoteWebDriver.java:131)
at org.openqa.selenium.chrome.ChromeDriver.<init>(ChromeDriver.java:181)
at org.openqa.selenium.chrome.ChromeDriver.<init>(ChromeDriver.java:168)
at org.openqa.selenium.chrome.ChromeDriver.<init>(ChromeDriver.java:123)
at util.BrowserFactory.init(BrowserFactory.java:38)
at test.ListCustomerTest.userShouldBeAbleToEditCustomer(ListCustomerTest.java:48)
at java.base/java.util.ArrayList.forEach(ArrayList.java:1541)
... Removed 31 stack frames]]>
    </failure>
  </testcase> <!-- userShouldBeAbleToEditCustomer -->
  <testcase classname="test.NewCustomerTest" name="testLeftNavPanel" time="0.0">
    <ignored/>
  </testcase> <!-- testLeftNavPanel -->
</testsuite> <!-- Test -->
