<?xml version="1.0" encoding="UTF-8"?>
<!-- Generated by org.testng.reporters.JUnitReportReporter -->
<testsuite hostname="GP-PC-001" failures="0" tests="1" name="test.ListCustomerTest" time="1.331" errors="1" timestamp="2024-04-06T23:54:43 CDT" skipped="0">
  <testcase classname="test.ListCustomerTest" name="userShouldBeAbleToEditCustomer" time="1.331">
    <error message="session not created: This version of ChromeDriver only supports Chrome version 120
Current browser version is 123.0.6312.106 with binary path C:\Program Files (x86)\Google\Chrome\Application\chrome.exe
Build info: version: &#039;3.141.59&#039;, revision: &#039;e82be7d358&#039;, time: &#039;2018-11-14T08:17:03&#039;
System info: host: &#039;GP-PC-001&#039;, ip: &#039;10.2.1.249&#039;, os.name: &#039;Windows 10&#039;, os.arch: &#039;amd64&#039;, os.version: &#039;10.0&#039;, java.version: &#039;11.0.18&#039;
Driver info: driver.version: ChromeDriver
remote stacktrace: 	GetHandleVerifier [0x00007FF798CD4D02+56194]
	(No symbol) [0x00007FF798C404B2]
	(No symbol) [0x00007FF798AE76AA]
	(No symbol) [0x00007FF798B21652]
	(No symbol) [0x00007FF798B2094D]
	(No symbol) [0x00007FF798B1B84F]
	(No symbol) [0x00007FF798B17DC2]
	(No symbol) [0x00007FF798B60954]
	(No symbol) [0x00007FF798B55C23]
	(No symbol) [0x00007FF798B24A45]
	(No symbol) [0x00007FF798B25AD4]
	GetHandleVerifier [0x00007FF79904D5BB+3695675]
	GetHandleVerifier [0x00007FF7990A6197+4059159]
	GetHandleVerifier [0x00007FF79909DF63+4025827]
	GetHandleVerifier [0x00007FF798D6F029+687785]
	(No symbol) [0x00007FF798C4B508]
	(No symbol) [0x00007FF798C47564]
	(No symbol) [0x00007FF798C476E9]
	(No symbol) [0x00007FF798C38094]
	BaseThreadInitThunk [0x00007FFD8C207034+20]
	RtlUserThreadStart [0x00007FFD8CB62651+33]
" type="org.openqa.selenium.SessionNotCreatedException">
      <![CDATA[org.openqa.selenium.SessionNotCreatedException: session not created: This version of ChromeDriver only supports Chrome version 120
Current browser version is 123.0.6312.106 with binary path C:\Program Files (x86)\Google\Chrome\Application\chrome.exe
Build info: version: '3.141.59', revision: 'e82be7d358', time: '2018-11-14T08:17:03'
System info: host: 'GP-PC-001', ip: '10.2.1.249', os.name: 'Windows 10', os.arch: 'amd64', os.version: '10.0', java.version: '11.0.18'
Driver info: driver.version: ChromeDriver
remote stacktrace: GetHandleVerifier [0x00007FF798CD4D02+56194]
(No symbol) [0x00007FF798C404B2]
(No symbol) [0x00007FF798AE76AA]
(No symbol) [0x00007FF798B21652]
(No symbol) [0x00007FF798B2094D]
(No symbol) [0x00007FF798B1B84F]
(No symbol) [0x00007FF798B17DC2]
(No symbol) [0x00007FF798B60954]
(No symbol) [0x00007FF798B55C23]
(No symbol) [0x00007FF798B24A45]
(No symbol) [0x00007FF798B25AD4]
GetHandleVerifier [0x00007FF79904D5BB+3695675]
GetHandleVerifier [0x00007FF7990A6197+4059159]
GetHandleVerifier [0x00007FF79909DF63+4025827]
GetHandleVerifier [0x00007FF798D6F029+687785]
(No symbol) [0x00007FF798C4B508]
(No symbol) [0x00007FF798C47564]
(No symbol) [0x00007FF798C476E9]
(No symbol) [0x00007FF798C38094]
BaseThreadInitThunk [0x00007FFD8C207034+20]
RtlUserThreadStart [0x00007FFD8CB62651+33]

at java.base/jdk.internal.reflect.NativeConstructorAccessorImpl.newInstance0(Native Method)
at java.base/jdk.internal.reflect.NativeConstructorAccessorImpl.newInstance(NativeConstructorAccessorImpl.java:62)
at java.base/jdk.internal.reflect.DelegatingConstructorAccessorImpl.newInstance(DelegatingConstructorAccessorImpl.java:45)
at java.base/java.lang.reflect.Constructor.newInstance(Constructor.java:490)
at org.openqa.selenium.remote.W3CHandshakeResponse.lambda$errorHandler$0(W3CHandshakeResponse.java:62)
at org.openqa.selenium.remote.HandshakeResponse.lambda$getResponseFunction$0(HandshakeResponse.java:30)
at org.openqa.selenium.remote.ProtocolHandshake.lambda$createSession$0(ProtocolHandshake.java:126)
at java.base/java.util.stream.ReferencePipeline$3$1.accept(ReferencePipeline.java:195)
at java.base/java.util.Spliterators$ArraySpliterator.tryAdvance(Spliterators.java:958)
at java.base/java.util.stream.ReferencePipeline.forEachWithCancel(ReferencePipeline.java:127)
at java.base/java.util.stream.AbstractPipeline.copyIntoWithCancel(AbstractPipeline.java:502)
at java.base/java.util.stream.AbstractPipeline.copyInto(AbstractPipeline.java:488)
at java.base/java.util.stream.AbstractPipeline.wrapAndCopyInto(AbstractPipeline.java:474)
at java.base/java.util.stream.FindOps$FindOp.evaluateSequential(FindOps.java:150)
at java.base/java.util.stream.AbstractPipeline.evaluate(AbstractPipeline.java:234)
at java.base/java.util.stream.ReferencePipeline.findFirst(ReferencePipeline.java:543)
at org.openqa.selenium.remote.ProtocolHandshake.createSession(ProtocolHandshake.java:128)
at org.openqa.selenium.remote.ProtocolHandshake.createSession(ProtocolHandshake.java:74)
at org.openqa.selenium.remote.HttpCommandExecutor.execute(HttpCommandExecutor.java:136)
at org.openqa.selenium.remote.service.DriverCommandExecutor.execute(DriverCommandExecutor.java:83)
at org.openqa.selenium.remote.RemoteWebDriver.execute(RemoteWebDriver.java:552)
at org.openqa.selenium.remote.RemoteWebDriver.startSession(RemoteWebDriver.java:213)
at org.openqa.selenium.remote.RemoteWebDriver.<init>(RemoteWebDriver.java:131)
at org.openqa.selenium.chrome.ChromeDriver.<init>(ChromeDriver.java:181)
at org.openqa.selenium.chrome.ChromeDriver.<init>(ChromeDriver.java:168)
at org.openqa.selenium.chrome.ChromeDriver.<init>(ChromeDriver.java:123)
at util.BrowserFactory.init(BrowserFactory.java:38)
at test.ListCustomerTest.userShouldBeAbleToEditCustomer(ListCustomerTest.java:48)
at java.base/jdk.internal.reflect.NativeMethodAccessorImpl.invoke0(Native Method)
at java.base/jdk.internal.reflect.NativeMethodAccessorImpl.invoke(NativeMethodAccessorImpl.java:62)
at java.base/jdk.internal.reflect.DelegatingMethodAccessorImpl.invoke(DelegatingMethodAccessorImpl.java:43)
at java.base/java.lang.reflect.Method.invoke(Method.java:566)
at org.testng.internal.invokers.MethodInvocationHelper.invokeMethod(MethodInvocationHelper.java:139)
at org.testng.internal.invokers.TestInvoker.invokeMethod(TestInvoker.java:664)
at org.testng.internal.invokers.TestInvoker.invokeTestMethod(TestInvoker.java:228)
at org.testng.internal.invokers.MethodRunner.runInSequence(MethodRunner.java:63)
at org.testng.internal.invokers.TestInvoker$MethodInvocationAgent.invoke(TestInvoker.java:961)
at org.testng.internal.invokers.TestInvoker.invokeTestMethods(TestInvoker.java:201)
at org.testng.internal.invokers.TestMethodWorker.invokeTestMethods(TestMethodWorker.java:148)
at org.testng.internal.invokers.TestMethodWorker.run(TestMethodWorker.java:128)
at java.base/java.util.ArrayList.forEach(ArrayList.java:1541)
at org.testng.TestRunner.privateRun(TestRunner.java:819)
at org.testng.TestRunner.run(TestRunner.java:619)
at org.testng.SuiteRunner.runTest(SuiteRunner.java:443)
at org.testng.SuiteRunner.runSequentially(SuiteRunner.java:437)
at org.testng.SuiteRunner.privateRun(SuiteRunner.java:397)
at org.testng.SuiteRunner.run(SuiteRunner.java:336)
at org.testng.SuiteRunnerWorker.runSuite(SuiteRunnerWorker.java:52)
at org.testng.SuiteRunnerWorker.run(SuiteRunnerWorker.java:95)
at org.testng.TestNG.runSuitesSequentially(TestNG.java:1301)
at org.testng.TestNG.runSuitesLocally(TestNG.java:1228)
at org.testng.TestNG.runSuites(TestNG.java:1134)
at org.testng.TestNG.run(TestNG.java:1101)
at org.testng.remote.AbstractRemoteTestNG.run(AbstractRemoteTestNG.java:115)
at org.testng.remote.RemoteTestNG.initAndRun(RemoteTestNG.java:251)
at org.testng.remote.RemoteTestNG.main(RemoteTestNG.java:77)
]]>
    </error>
  </testcase> <!-- userShouldBeAbleToEditCustomer -->
</testsuite> <!-- test.ListCustomerTest -->
